<?xml version="1.0" encoding="UTF-8"?>
<testsuite xmlns:xsi="http://www.w3.org/2001/XMLSchema-instance" xsi:noNamespaceSchemaLocation="https://maven.apache.org/surefire/maven-surefire-plugin/xsd/surefire-test-report.xsd" name="com.ljh.AppTest" time="0.184" tests="1" errors="0" skipped="0" failures="0">
  <properties>
    <property name="sun.desktop" value="windows"/>
    <property name="awt.toolkit" value="sun.awt.windows.WToolkit"/>
    <property name="file.encoding.pkg" value="sun.io"/>
    <property name="java.specification.version" value="1.8"/>
    <property name="sun.cpu.isalist" value="amd64"/>
    <property name="sun.jnu.encoding" value="GBK"/>
    <property name="java.class.path" value="E:\IdeaProjects\es_view01\target\test-classes;E:\IdeaProjects\es_view01\target\classes;E:\MavenRes\TestResposity\junit\junit\4.12\junit-4.12.jar;E:\MavenRes\TestResposity\org\hamcrest\hamcrest-core\1.3\hamcrest-core-1.3.jar;"/>
    <property name="java.vm.vendor" value="Oracle Corporation"/>
    <property name="sun.arch.data.model" value="64"/>
    <property name="user.variant" value=""/>
    <property name="java.vendor.url" value="http://java.oracle.com/"/>
    <property name="user.timezone" value=""/>
    <property name="java.vm.specification.version" value="1.8"/>
    <property name="os.name" value="Windows 7"/>
    <property name="user.country" value="CN"/>
    <property name="sun.java.launcher" value="SUN_STANDARD"/>
    <property name="sun.boot.library.path" value="D:\java8\jre\bin"/>
    <property name="sun.java.command" value="C:\Users\LJH\AppData\Local\Temp\surefire6236223665457718405\surefirebooter2379473723071123698.jar C:\Users\LJH\AppData\Local\Temp\surefire6236223665457718405 2018-11-12T21-40-43_881-jvmRun1 surefire9178047315681979107tmp surefire_01692103306480472534tmp"/>
    <property name="surefire.test.class.path" value="E:\IdeaProjects\es_view01\target\test-classes;E:\IdeaProjects\es_view01\target\classes;E:\MavenRes\TestResposity\junit\junit\4.12\junit-4.12.jar;E:\MavenRes\TestResposity\org\hamcrest\hamcrest-core\1.3\hamcrest-core-1.3.jar;"/>
    <property name="sun.cpu.endian" value="little"/>
    <property name="user.home" value="C:\Users\LJH"/>
    <property name="user.language" value="zh"/>
    <property name="java.specification.vendor" value="Oracle Corporation"/>
    <property name="java.home" value="D:\java8\jre"/>
    <property name="basedir" value="E:\IdeaProjects\es_view01"/>
    <property name="file.separator" value="\"/>
    <property name="line.separator" value="&#10;"/>
    <property name="java.vm.specification.vendor" value="Oracle Corporation"/>
    <property name="java.specification.name" value="Java Platform API Specification"/>
    <property name="java.awt.graphicsenv" value="sun.awt.Win32GraphicsEnvironment"/>
    <property name="surefire.real.class.path" value="C:\Users\LJH\AppData\Local\Temp\surefire6236223665457718405\surefirebooter2379473723071123698.jar"/>
    <property name="sun.boot.class.path" value="D:\java8\jre\lib\resources.jar;D:\java8\jre\lib\rt.jar;D:\java8\jre\lib\sunrsasign.jar;D:\java8\jre\lib\jsse.jar;D:\java8\jre\lib\jce.jar;D:\java8\jre\lib\charsets.jar;D:\java8\jre\lib\jfr.jar;D:\java8\jre\classes"/>
    <property name="user.script" value=""/>
    <property name="sun.management.compiler" value="HotSpot 64-Bit Tiered Compilers"/>
    <property name="java.runtime.version" value="1.8.0_161-b12"/>
    <property name="user.name" value="LJH"/>
    <property name="path.separator" value=";"/>
    <property name="os.version" value="6.1"/>
    <property name="java.endorsed.dirs" value="D:\java8\jre\lib\endorsed"/>
    <property name="java.runtime.name" value="Java(TM) SE Runtime Environment"/>
    <property name="file.encoding" value="GBK"/>
    <property name="java.vm.name" value="Java HotSpot(TM) 64-Bit Server VM"/>
    <property name="localRepository" value="E:\MavenRes\TestResposity"/>
    <property name="java.vendor.url.bug" value="http://bugreport.sun.com/bugreport/"/>
    <property name="java.io.tmpdir" value="C:\Users\LJH\AppData\Local\Temp\"/>
    <property name="idea.version" value="2018.1"/>
    <property name="java.version" value="1.8.0_161"/>
    <property name="user.dir" value="E:\IdeaProjects\es_view01"/>
    <property name="os.arch" value="amd64"/>
    <property name="java.vm.specification.name" value="Java Virtual Machine Specification"/>
    <property name="java.awt.printerjob" value="sun.awt.windows.WPrinterJob"/>
    <property name="sun.os.patch.level" value="Service Pack 1"/>
    <property name="java.library.path" value="D:\java8\jre\bin;C:\Windows\Sun\Java\bin;C:\Windows\system32;C:\Windows;D:\Anaconda3;D:\Anaconda3\Library\mingw-w64\bin;D:\Anaconda3\Library\usr\bin;D:\Anaconda3\Library\bin;D:\Anaconda3\Scripts;C:\ProgramData\Oracle\Java\javapath;C:\Windows\system32;C:\Windows;C:\Windows\System32\Wbem;C:\Windows\System32\WindowsPowerShell\v1.0\;D:\java8\bin;D:\java8\jre\bin;D:\DataBase\MYSQL5.0\bin;D:\MATLAB7\bin\win32;D:\MatlabInsertPath\runtime\win64;D:\MatlabInsertPath\bin;D:\MatlabInsertPath\polyspace\bin;D:\pythonInsertPath\PYTHON27;D:\MAVEN\apache-maven-3.5.2\bin;D:\NodeJS\nodejs\;D:\DataBase\MYSQL5.0\mysql555\bin;D:\Git29\Git\cmd;D:\ES\fildder\Fiddler;C:\Users\LJH\AppData\Roaming\npm;C:\Program Files\Microsoft VS Code\bin;."/>
    <property name="java.vm.info" value="mixed mode"/>
    <property name="java.vendor" value="Oracle Corporation"/>
    <property name="java.vm.version" value="25.161-b12"/>
    <property name="java.ext.dirs" value="D:\java8\jre\lib\ext;C:\Windows\Sun\Java\lib\ext"/>
    <property name="sun.io.unicode.encoding" value="UnicodeLittle"/>
    <property name="java.class.version" value="52.0"/>
  </properties>
  <testcase name="shouldAnswerWithTrue" classname="com.ljh.AppTest" time="0.002"/>
</testsuite>